"C:/Users/chang/OneDrive/Classwork/GitHub/FloorRun01/Content/Geometry/Meshes/CubeMaterial.uasset" 0
"C:/Users/chang/OneDrive/Classwork/GitHub/FloorRun01/Content/Geometry/Meshes/TemplateFloor.uasset" 1
"C:/Users/chang/OneDrive/Classwork/GitHub/FloorRun01/Content/Isometric-Interiors/Textures/Texture_Atlas.uasset" 2
"C:/Users/chang/OneDrive/Classwork/GitHub/FloorRun01/Content/Isometric-Interiors/Materials/M_Texture_Atlas.uasset" 3
"C:/Users/chang/OneDrive/Classwork/GitHub/FloorRun01/Content/Isometric-Interiors/Meshes/SM_Table_1B.uasset" 4
"C:/Users/chang/OneDrive/Classwork/GitHub/FloorRun01/Content/Props/322meshPACK_Bazic/2_ASSETS/SHARED_MATERIAL/Texture/T_MacroVariation.uasset" 5
"C:/Users/chang/OneDrive/Classwork/GitHub/FloorRun01/Content/Props/322meshPACK_Bazic/2_ASSETS/SHARED_MATERIAL/Material/M_Metal_Chrome.uasset" 6
"C:/Users/chang/OneDrive/Classwork/GitHub/FloorRun01/Content/Props/322meshPACK_Bazic/2_ASSETS/CEILING_LIGHT/Powder_lightfixture/MI_chrome_black.uasset" 7
"../../../Engine/Content/Functions/Engine_MaterialFunctions01/Texturing/FlattenNormal.uasset" 8
"C:/Users/chang/OneDrive/Classwork/GitHub/FloorRun01/Content/Props/322meshPACK_Bazic/2_ASSETS/SHARED_MATERIAL/Texture/T_2_Default_Normal.uasset" 9
"C:/Users/chang/OneDrive/Classwork/GitHub/FloorRun01/Content/Props/322meshPACK_Bazic/2_ASSETS/SHARED_MATERIAL/Texture/T_Blank.uasset" 10
"C:/Users/chang/OneDrive/Classwork/GitHub/FloorRun01/Content/Props/322meshPACK_Bazic/2_ASSETS/SHARED_MATERIAL/Material/M_MainMaterial.uasset" 11
"C:/Users/chang/OneDrive/Classwork/GitHub/FloorRun01/Content/Props/322meshPACK_Bazic/2_ASSETS/CHAIR/Chair_05/MI_Acrylic_white_03.uasset" 12
"C:/Users/chang/OneDrive/Classwork/GitHub/FloorRun01/Content/Props/322meshPACK_Bazic/2_ASSETS/CHAIR/Chair_05/MI_Chrome_3.uasset" 13
"C:/Users/chang/OneDrive/Classwork/GitHub/FloorRun01/Content/Props/322meshPACK_Bazic/2_ASSETS/CHAIR/Chair_05/SM_OfficeChair_01.uasset" 14
"../../../Engine/Content/Functions/Engine_MaterialFunctions02/Utility/BreakOutFloat3Components.uasset" 15
"C:/Users/chang/OneDrive/Classwork/GitHub/FloorRun01/Content/Props/AirConditioningPack/Textures/T_ACClean_BaseColor.uasset" 16
"C:/Users/chang/OneDrive/Classwork/GitHub/FloorRun01/Content/Props/AirConditioningPack/Textures/T_ACClean_Normal.uasset" 17
"C:/Users/chang/OneDrive/Classwork/GitHub/FloorRun01/Content/Props/AirConditioningPack/Textures/T_ACClean_OcclusionRoughnessMetallic.uasset" 18
"C:/Users/chang/OneDrive/Classwork/GitHub/FloorRun01/Content/Props/AirConditioningPack/Textures/T_ACDirty_BaseColor.uasset" 19
"C:/Users/chang/OneDrive/Classwork/GitHub/FloorRun01/Content/Props/AirConditioningPack/Textures/T_ACDirty_Normal.uasset" 20
"C:/Users/chang/OneDrive/Classwork/GitHub/FloorRun01/Content/Props/AirConditioningPack/Textures/T_ACDirty_OcclusionRoughnessMetallic.uasset" 21
"C:/Users/chang/OneDrive/Classwork/GitHub/FloorRun01/Content/Props/AirConditioningPack/Materials/M_AC.uasset" 22
"C:/Users/chang/OneDrive/Classwork/GitHub/FloorRun01/Content/Props/AirConditioningPack/Meshes/SM_AC_Fan.uasset" 23
"C:/Users/chang/OneDrive/Classwork/GitHub/FloorRun01/Content/Props/AirConditioningPack/Meshes/SM_AC_Roof.uasset" 24
"C:/Users/chang/OneDrive/Classwork/GitHub/FloorRun01/Content/Props/AirConditioningPack/Sound/AC.uasset" 25
"C:/Users/chang/OneDrive/Classwork/GitHub/FloorRun01/Content/Props/AirConditioningPack/Blueprints/AC_Roof.uasset" 26
"C:/Users/chang/OneDrive/Classwork/GitHub/FloorRun01/Content/Props/AirConditioningPack/Meshes/SM_AC_Wall.uasset" 27
"C:/Users/chang/OneDrive/Classwork/GitHub/FloorRun01/Content/Props/AirConditioningPack/Blueprints/AC_Wall.uasset" 28
"C:/Users/chang/OneDrive/Classwork/GitHub/FloorRun01/Content/Props/AirConditioningPack/Textures/T_AC_Cage_BaseColor.uasset" 29
"C:/Users/chang/OneDrive/Classwork/GitHub/FloorRun01/Content/Props/AirConditioningPack/Textures/T_AC_Cage_Normal.uasset" 30
"C:/Users/chang/OneDrive/Classwork/GitHub/FloorRun01/Content/Props/AirConditioningPack/Textures/T_AC_Cage_OcclusionRoughnessMetallic.uasset" 31
"C:/Users/chang/OneDrive/Classwork/GitHub/FloorRun01/Content/Props/AirConditioningPack/Materials/M_AC_Cage.uasset" 32
"C:/Users/chang/OneDrive/Classwork/GitHub/FloorRun01/Content/Props/AirConditioningPack/Meshes/SM_AC_Cage.uasset" 33
"C:/Users/chang/OneDrive/Classwork/GitHub/FloorRun01/Content/Props/AirConditioningPack/Textures/T_ACInt_BaseColor.uasset" 34
"C:/Users/chang/OneDrive/Classwork/GitHub/FloorRun01/Content/Props/AirConditioningPack/Textures/T_ACInt_Normal.uasset" 35
"C:/Users/chang/OneDrive/Classwork/GitHub/FloorRun01/Content/Props/AirConditioningPack/Textures/T_ACInt_OcclusionRoughnessMetallic.uasset" 36
"C:/Users/chang/OneDrive/Classwork/GitHub/FloorRun01/Content/Props/AirConditioningPack/Textures/T_ACIntDirty_BaseColor.uasset" 37
"C:/Users/chang/OneDrive/Classwork/GitHub/FloorRun01/Content/Props/AirConditioningPack/Textures/T_ACIntDirty_Normal.uasset" 38
"C:/Users/chang/OneDrive/Classwork/GitHub/FloorRun01/Content/Props/AirConditioningPack/Textures/T_ACIntDirty_OcclusionRoughnessMetallic.uasset" 39
"C:/Users/chang/OneDrive/Classwork/GitHub/FloorRun01/Content/Props/AirConditioningPack/Materials/M_AC_Interior.uasset" 40
"C:/Users/chang/OneDrive/Classwork/GitHub/FloorRun01/Content/Props/AirConditioningPack/Materials/MI_AC_Interior.uasset" 41
"C:/Users/chang/OneDrive/Classwork/GitHub/FloorRun01/Content/Props/AirConditioningPack/Meshes/SM_AC_Int_CeilingPanel_Off.uasset" 42
"C:/Users/chang/OneDrive/Classwork/GitHub/FloorRun01/Content/Props/AirConditioningPack/Meshes/SM_AC_Int_CeilingPanel_On.uasset" 43
"C:/Users/chang/OneDrive/Classwork/GitHub/FloorRun01/Content/Props/AirConditioningPack/Meshes/SM_AC_Int_Ceiling_Off.uasset" 44
"C:/Users/chang/OneDrive/Classwork/GitHub/FloorRun01/Content/Props/AirConditioningPack/Meshes/SM_AC_Int_Ceiling_On.uasset" 45
"C:/Users/chang/OneDrive/Classwork/GitHub/FloorRun01/Content/Props/AirConditioningPack/Meshes/SM_AC_Int_Wall_Off.uasset" 46
"C:/Users/chang/OneDrive/Classwork/GitHub/FloorRun01/Content/Props/AirConditioningPack/Meshes/SM_AC_Int_Wall_On.uasset" 47
"C:/Users/chang/OneDrive/Classwork/GitHub/FloorRun01/Content/Props/AirConditioningPack/Meshes/SM_AC_Remote.uasset" 48
"../../../Engine/Content/Functions/Engine_MaterialFunctions02/Utility/BlendAngleCorrectedNormals.uasset" 49
"C:/Users/chang/OneDrive/Classwork/GitHub/FloorRun01/Content/Props/AirConditioningPack/Textures/Vents/T_Metal_BaseColor.uasset" 50
"C:/Users/chang/OneDrive/Classwork/GitHub/FloorRun01/Content/Props/AirConditioningPack/Textures/Vents/T_Metal_Normal.uasset" 51
"C:/Users/chang/OneDrive/Classwork/GitHub/FloorRun01/Content/Props/AirConditioningPack/Textures/Vents/T_Metal_Roughness.uasset" 52
"C:/Users/chang/OneDrive/Classwork/GitHub/FloorRun01/Content/Props/AirConditioningPack/Textures/Vents/T_Vent_AO.uasset" 53
"C:/Users/chang/OneDrive/Classwork/GitHub/FloorRun01/Content/Props/AirConditioningPack/Textures/Vents/T_Vent_normal.uasset" 54
"C:/Users/chang/OneDrive/Classwork/GitHub/FloorRun01/Content/Props/AirConditioningPack/Textures/Vents/T_Vent_shadow.uasset" 55
"C:/Users/chang/OneDrive/Classwork/GitHub/FloorRun01/Content/Props/AirConditioningPack/Materials/M_Vent.uasset" 56
"C:/Users/chang/OneDrive/Classwork/GitHub/FloorRun01/Content/Props/AirConditioningPack/Materials/MI_Vent.uasset" 57
"C:/Users/chang/OneDrive/Classwork/GitHub/FloorRun01/Content/Props/AirConditioningPack/Meshes/SM_Vent_Door.uasset" 58
"C:/Users/chang/OneDrive/Classwork/GitHub/FloorRun01/Content/Props/AirConditioningPack/Sound/AC_Cue.uasset" 59
"C:/Users/chang/OneDrive/Classwork/GitHub/FloorRun01/Content/VirtualRealityBP/Blueprints/PickupActorInterface.uasset" 60
"C:/Users/chang/OneDrive/Classwork/GitHub/FloorRun01/Content/VirtualReality/Materials/M_BaseMaterial.uasset" 61
"C:/Users/chang/OneDrive/Classwork/GitHub/FloorRun01/Content/VirtualReality/Materials/MI_SmallCubes.uasset" 62
"C:/Users/chang/OneDrive/Classwork/GitHub/FloorRun01/Content/Isometric-Interiors/Meshes/SM_Chair_3.uasset" 63
"C:/Users/chang/OneDrive/Classwork/GitHub/FloorRun01/Content/VirtualRealityBP/Blueprints/BP_PickupCube1.uasset" 64
"C:/Users/chang/OneDrive/Classwork/GitHub/FloorRun01/Content/VirtualReality/Mannequin/Character/Mesh/MannequinHand_Right_Skeleton.uasset" 65
"C:/Users/chang/OneDrive/Classwork/GitHub/FloorRun01/Content/VirtualReality/Mannequin/Animations/MannequinHand_Right_CanGrab.uasset" 66
"C:/Users/chang/OneDrive/Classwork/GitHub/FloorRun01/Content/VirtualReality/Mannequin/Animations/MannequinHand_Right_Grab.uasset" 67
"C:/Users/chang/OneDrive/Classwork/GitHub/FloorRun01/Content/VirtualReality/Mannequin/Animations/MannequinHand_Right_Open.uasset" 68
"C:/Users/chang/OneDrive/Classwork/GitHub/FloorRun01/Content/VirtualReality/Mannequin/Animations/RightGrip_BS.uasset" 69
"C:/Users/chang/OneDrive/Classwork/GitHub/FloorRun01/Content/VirtualRealityBP/Blueprints/GripEnum.uasset" 70
"C:/Users/chang/OneDrive/Classwork/GitHub/FloorRun01/Content/VirtualReality/Mannequin/Animations/RightHand_AnimBP.uasset" 71
"../../../Engine/Content/EditorBlueprintResources/StandardMacros.uasset" 72
"C:/Users/chang/OneDrive/Classwork/GitHub/FloorRun01/Content/VirtualRealityBP/Blueprints/MotionControllerHaptics.uasset" 73
"../../../Engine/Content/Functions/Engine_MaterialFunctions02/Utility/BreakOutFloat2Components.uasset" 74
"../../../Engine/Content/Functions/Engine_MaterialFunctions01/Texturing/ScaleUVsByCenter.uasset" 75
"../../../Engine/Content/Functions/Engine_MaterialFunctions02/ScreenResolution.uasset" 76
"../../../Engine/Content/Functions/Engine_MaterialFunctions02/Texturing/ScreenAlignedUVs.uasset" 77
"../../../Engine/Content/Functions/Engine_MaterialFunctions02/Utility/CameraDirectionVector.uasset" 78
"../../../Engine/Content/Functions/Engine_MaterialFunctions02/Utility/DepthFromWorldPosition.uasset" 79
"C:/Users/chang/OneDrive/Classwork/GitHub/FloorRun01/Content/VirtualReality/Materials/MF_OccludedPixels.uasset" 80
"C:/Users/chang/OneDrive/Classwork/GitHub/FloorRun01/Content/VirtualReality/Materials/TeleportMCP.uasset" 81
"../../../Engine/Content/EngineMaterials/Good64x64TilingNoiseHighFreq.uasset" 82
"C:/Users/chang/OneDrive/Classwork/GitHub/FloorRun01/Content/VirtualReality/Materials/M_ArcEndpoint.uasset" 83
"C:/Users/chang/OneDrive/Classwork/GitHub/FloorRun01/Content/VirtualReality/Materials/M_SplineArcMat.uasset" 84
"C:/Users/chang/OneDrive/Classwork/GitHub/FloorRun01/Content/VirtualReality/Materials/M_TeleportPreviews.uasset" 85
"C:/Users/chang/OneDrive/Classwork/GitHub/FloorRun01/Content/VirtualReality/Materials/MI_ChaperoneOutline.uasset" 86
"C:/Users/chang/OneDrive/Classwork/GitHub/FloorRun01/Content/VirtualReality/Materials/MI_TeleportCylinderPreview.uasset" 87
"../../../Engine/Content/Functions/Engine_MaterialFunctions01/Opacity/CameraDepthFade.uasset" 88
"../../../Engine/Content/EngineMaterials/T_Default_Material_Grid_M.uasset" 89
"../../../Engine/Content/EngineMaterials/T_Default_Material_Grid_N.uasset" 90
"../../../Engine/Content/EngineMaterials/DefaultMaterial.uasset" 91
"../../../Engine/Content/BasicShapes/Cylinder.uasset" 92
"../../../Engine/Content/BasicShapes/Sphere.uasset" 93
"C:/Users/chang/OneDrive/Classwork/GitHub/FloorRun01/Content/VirtualReality/Mannequin/Character/Textures/UE4_Mannequin__normals.uasset" 94
"C:/Users/chang/OneDrive/Classwork/GitHub/FloorRun01/Content/VirtualReality/Mannequin/Character/Textures/UE4_Mannequin_MAT_MASKA.uasset" 95
"C:/Users/chang/OneDrive/Classwork/GitHub/FloorRun01/Content/VirtualReality/Mannequin/Character/Materials/M_HandMat.uasset" 96
"C:/Users/chang/OneDrive/Classwork/GitHub/FloorRun01/Content/VirtualReality/Mannequin/Character/Mesh/MannequinHand_Right_PhysicsAsset.uasset" 97
"C:/Users/chang/OneDrive/Classwork/GitHub/FloorRun01/Content/VirtualReality/Mannequin/Character/Mesh/MannequinHand_Right.uasset" 98
"../../../Engine/Content/EngineMaterials/WorldGridMaterial.uasset" 99
"C:/Users/chang/OneDrive/Classwork/GitHub/FloorRun01/Content/VirtualReality/Meshes/1x1_cube.uasset" 100
"C:/Users/chang/OneDrive/Classwork/GitHub/FloorRun01/Content/VirtualReality/Meshes/BeaconDirection.uasset" 101
"C:/Users/chang/OneDrive/Classwork/GitHub/FloorRun01/Content/VirtualReality/Meshes/BeamMesh.uasset" 102
"C:/Users/chang/OneDrive/Classwork/GitHub/FloorRun01/Content/VirtualReality/Meshes/SM_FatCylinder.uasset" 103
"C:/Users/chang/OneDrive/Classwork/GitHub/FloorRun01/Content/VirtualRealityBP/Blueprints/BP_MotionController.uasset" 104
"C:/Users/chang/OneDrive/Classwork/GitHub/FloorRun01/Content/Isometric-Interiors/Meshes/SM_Paint_12.uasset" 105
"C:/Users/chang/OneDrive/Classwork/GitHub/FloorRun01/Content/VirtualRealityBP/Blueprints/BP_Paint_Holo.uasset" 106
"C:/Users/chang/OneDrive/Classwork/GitHub/FloorRun01/Content/VirtualRealityBP/Blueprints/BP_Paint_Base.uasset" 107
"C:/Users/chang/OneDrive/Classwork/GitHub/FloorRun01/Content/VirtualRealityBP/Blueprints/BP_PickupCube2.uasset" 108
"C:/Users/chang/OneDrive/Classwork/GitHub/FloorRun01/Content/VirtualRealityBP/Blueprints/BP_PickupCube3.uasset" 109
"../../../Engine/Content/Animation/DefaultAnimBoneCompressionSettings.uasset" 110
"../../../Engine/Content/Animation/DefaultAnimCurveCompressionSettings.uasset" 111
"../../../Engine/Content/ArtTools/RenderToTexture/Meshes/S_1_Unit_Plane.uasset" 112
"../../../Engine/Content/BasicShapes/Cone.uasset" 113
"../../../Engine/Content/EditorLandscapeResources/DataLayer.uasset" 114
"../../../Engine/Content/EditorMaterials/MAT_Groups_Toggle.uasset" 115
"../../../Engine/Content/EditorMaterials/MAT_Groups_Visibility.uasset" 116
"../../../Engine/Content/EditorMaterials/PreviewShadowIndicator.uasset" 117
"../../../Engine/Content/EditorMaterials/PreviewShadowIndicatorMaterial.uasset" 118
"../../../Engine/Content/EditorMaterials/MatineeGroups/MAT_ColorTrack.uasset" 119
"../../../Engine/Content/EditorMaterials/MatineeGroups/MAT_Groups_Anim.uasset" 120
"../../../Engine/Content/EditorMaterials/MatineeGroups/MAT_Groups_AudioMaster.uasset" 121
"../../../Engine/Content/EditorMaterials/MatineeGroups/MAT_Groups_Director.uasset" 122
"../../../Engine/Content/EditorMaterials/MatineeGroups/MAT_Groups_Event.uasset" 123
"../../../Engine/Content/EditorMaterials/MatineeGroups/MAT_Groups_Fade.uasset" 124
"../../../Engine/Content/EditorMaterials/MatineeGroups/MAT_Groups_Float.uasset" 125
"../../../Engine/Content/EditorMaterials/MatineeGroups/MAT_Groups_Move.uasset" 126
"../../../Engine/Content/EditorMaterials/MatineeGroups/MAT_Groups_Slomo.uasset" 127
"../../../Engine/Content/EditorMaterials/MatineeGroups/MAT_Groups_Sound.uasset" 128
"../../../Engine/Content/EditorMaterials/MatineeGroups/MAT_Groups_Vector.uasset" 129
"../../../Engine/Content/EditorMaterials/ParticleSystems/PSysThumbnail_NoImage.uasset" 130
"../../../Engine/Content/EditorMaterials/ParticleSystems/PSysThumbnail_OOD.uasset" 131
"../../../Engine/Content/EditorMaterials/Camera/CineMat.uasset" 132
"../../../Engine/Content/EditorMaterials/Camera/MI_CineMat_Rig.uasset" 133
"../../../Engine/Content/EditorMeshes/Camera/SM_CraneRig_Arm.uasset" 134
"../../../Engine/Content/EditorMeshes/Camera/SM_CraneRig_Base.uasset" 135
"../../../Engine/Content/EditorMeshes/Camera/SM_CraneRig_Body.uasset" 136
"../../../Engine/Content/EditorMeshes/Camera/SM_CraneRig_Mount.uasset" 137
"../../../Engine/Content/EditorMeshes/Camera/SM_RailRig_Mount.uasset" 138
"../../../Engine/Content/EditorMeshes/Camera/SM_RailRig_Track.uasset" 139
"../../../Engine/Content/EditorResources/BSPVertex.uasset" 140
"../../../Engine/Content/EditorResources/EmptyActor.uasset" 141
"../../../Engine/Content/EditorResources/S_Actor.uasset" 142
"../../../Engine/Content/EditorResources/S_Note.uasset" 143
"../../../Engine/Content/EditorResources/S_Solver.uasset" 144
"../../../Engine/Content/EditorResources/S_Trigger.uasset" 145
"../../../Engine/Content/EditorResources/LightIcons/S_LightError.uasset" 146
"../../../Engine/Content/EditorResources/SequenceRecorder/Countdown.uasset" 147
"../../../Engine/Content/EditorResources/SequenceRecorder/RecordingIndicator.uasset" 148
"../../../Engine/Content/EditorSounds/Notifications/CompileFailed.uasset" 149
"../../../Engine/Content/EditorSounds/Notifications/CompileFailed_Cue.uasset" 150
"../../../Engine/Content/EditorSounds/Notifications/CompileSuccess.uasset" 151
"../../../Engine/Content/EditorSounds/Notifications/CompileStart_Cue.uasset" 152
"../../../Engine/Content/EditorSounds/Notifications/CompileSuccess_Cue.uasset" 153
"../../../Engine/Content/EngineDamageTypes/DmgTypeBP_Environmental.uasset" 154
"../../../Engine/Content/EngineDebugMaterials/DebugEditorMaterial.uasset" 155
"../../../Engine/Content/EngineDebugMaterials/DebugMeshMaterial.uasset" 156
"../../../Engine/Content/EngineDebugMaterials/M_SimpleUnlitTranslucent.uasset" 157
"../../../Engine/Content/EngineDebugMaterials/VolumeToRender.uasset" 158
"../../../Engine/Content/EngineDebugMaterials/M_VolumeRenderSphereTracePP.uasset" 159
"../../../Engine/Content/EngineDebugMaterials/WireframeMaterial.uasset" 160
"../../../Engine/Content/EngineFonts/Faces/DroidSansFallback.uasset" 161
"../../../Engine/Content/EngineFonts/Faces/RobotoBold.uasset" 162
"../../../Engine/Content/EngineFonts/Faces/RobotoBoldItalic.uasset" 163
"../../../Engine/Content/EngineFonts/Faces/RobotoItalic.uasset" 164
"../../../Engine/Content/EngineFonts/Faces/RobotoLight.uasset" 165
"../../../Engine/Content/EngineFonts/Faces/RobotoRegular.uasset" 166
"../../../Engine/Content/EngineFonts/Roboto.uasset" 167
"../../../Engine/Content/EngineMaterials/BaseFlattenDiffuseMap.uasset" 168
"../../../Engine/Content/EngineMaterials/BaseFlattenEmissiveMap.uasset" 169
"../../../Engine/Content/EngineMaterials/BaseFlattenGrayscaleMap.uasset" 170
"../../../Engine/Content/EngineMaterials/BaseFlattenNormalMap.uasset" 171
"../../../Engine/Content/EngineMaterials/BaseFlattenMaterial.uasset" 172
"../../../Engine/Content/EngineMaterials/BlueNoise.uasset" 173
"../../../Engine/Content/EngineMaterials/DefaultBloomKernel.uasset" 174
"../../../Engine/Content/EngineMaterials/DefaultBokeh.uasset" 175
"../../../Engine/Content/EngineMaterials/DefaultDiffuse.uasset" 176
"../../../Engine/Content/EngineMaterials/DefaultDeferredDecalMaterial.uasset" 177
"../../../Engine/Content/EngineMaterials/DefaultLightFunctionMaterial.uasset" 178
"../../../Engine/Content/EngineMaterials/DefaultPhysicalMaterial.uasset" 179
"../../../Engine/Content/EngineMaterials/DefaultPostProcessMaterial.uasset" 180
"../../../Engine/Content/EngineFonts/RobotoDistanceField.uasset" 181
"../../../Engine/Content/EngineMaterials/DefaultTextMaterialOpaque.uasset" 182
"../../../Engine/Content/EngineMaterials/DefaultWhiteGrid.uasset" 183
"../../../Engine/Content/EngineMaterials/DefaultWhiteGrid_Low.uasset" 184
"../../../Engine/Content/EngineMaterials/EmissiveMeshMaterial.uasset" 185
"../../../Engine/Content/EngineMaterials/GizmoMaterial.uasset" 186
"../../../Engine/Content/EngineMaterials/MiniFont.uasset" 187
"../../../Engine/Content/EngineMaterials/InvalidLightmapSettings.uasset" 188
"../../../Engine/Content/EngineMaterials/M_InvalidLightmapSettings.uasset" 189
"../../../Engine/Content/Functions/Engine_MaterialFunctions02/WorldPositionOffset/CameraOffset.uasset" 190
"../../../Engine/Content/EngineMaterials/PhAT_JointLimitMaterial.uasset" 191
"../../../Engine/Content/EngineMaterials/PreintegratedSkinBRDF.uasset" 192
"../../../Engine/Content/EngineMaterials/RemoveSurfaceMaterial.uasset" 193
"../../../Engine/Content/EngineMaterials/WeightMapPlaceholderTexture.uasset" 194
"../../../Engine/Content/EngineResources/WhiteSquareTexture.uasset" 195
"../../../Engine/Content/EngineMaterials/Widget3DPassThrough.uasset" 196
"../../../Engine/Content/EngineMaterials/Widget3DPassThrough_Masked.uasset" 197
"../../../Engine/Content/EngineMaterials/Widget3DPassThrough_Opaque.uasset" 198
"../../../Engine/Content/EngineMaterials/Widget3DPassThrough_Masked_OneSided.uasset" 199
"../../../Engine/Content/EngineMaterials/Widget3DPassThrough_Opaque_OneSided.uasset" 200
"../../../Engine/Content/EngineMaterials/Widget3DPassThrough_Translucent.uasset" 201
"../../../Engine/Content/EngineMaterials/Widget3DPassThrough_Translucent_OneSided.uasset" 202
"../../../Engine/Content/EngineMeshes/Cylinder.uasset" 203
"../../../Engine/Content/EngineMeshes/Sphere.uasset" 204
"../../../Engine/Content/EngineResources/Black.uasset" 205
"../../../Engine/Content/EngineResources/DefaultTexture.uasset" 206
"../../../Engine/Content/EngineResources/DefaultTextureCube.uasset" 207
"../../../Engine/Content/EngineResources/DefaultVolumeTexture2D.uasset" 208
"../../../Engine/Content/EngineResources/DefaultVolumeTexture.uasset" 209
"../../../Engine/Content/EngineResources/GradientTexture0.uasset" 210
"../../../Engine/Content/EngineSounds/Master.uasset" 211
"../../../Engine/Content/Functions/Engine_MaterialFunctions01/Shading/ConvertFromDiffSpec.uasset" 212
"../../../Engine/Content/Functions/Engine_MaterialFunctions01/Shading/PowerToRoughness.uasset" 213
"../../../Engine/Content/Maps/Templates/Thumbnails/Default.uasset" 214
"../../../Engine/Content/Maps/Templates/Thumbnails/TimeOfDay.uasset" 215
"../../../Engine/Content/Maps/Templates/Thumbnails/VR-Basic.uasset" 216
"../../../Engine/Content/MobileResources/T_MobileControls_texture.uasset" 217
"../../../Engine/Content/MobileResources/T_MobileMenu2.uasset" 218
"../../../Engine/Content/MobileResources/HUD/AnalogHat.uasset" 219
"../../../Engine/Content/MobileResources/HUD/VirtualJoystick_Background.uasset" 220
"../../../Engine/Content/MobileResources/HUD/VirtualJoystick_Thumb.uasset" 221
"../../../Engine/Content/MobileResources/HUD/DefaultVirtualJoysticks.uasset" 222
"../../../Engine/Content/MobileResources/HUD/LeftVirtualJoystickOnly.uasset" 223
"../../../Engine/Content/MobileResources/HUD/MobileHUDButton1_off.uasset" 224
"../../../Engine/Content/MobileResources/HUD/MobileHUDButton1_on.uasset" 225
"../../../Engine/Content/MobileResources/HUD/MobileHUDButton2_off.uasset" 226
"../../../Engine/Content/MobileResources/HUD/MobileHUDButton2_on.uasset" 227
"../../../Engine/Content/MobileResources/HUD/MobileHUDButton3.uasset" 228
"../../../Engine/Content/MobileResources/HUD/MobileHUDButtonFire.uasset" 229
"../../../Engine/Content/MobileResources/HUD/MobileHUDDirectionPad.uasset" 230
"../../../Engine/Content/MobileResources/HUD/MobileHUDDirectionPad2.uasset" 231
"../../../Engine/Content/MobileResources/HUD/MobileHUDDirectionPad3.uasset" 232
"../../../Engine/Content/MobileResources/HUD/MobileHUDDirectionStick.uasset" 233
"../../../Engine/Content/MobileResources/HUD/T_Castle_ThumbstickInner.uasset" 234
"../../../Engine/Content/MobileResources/HUD/T_Castle_ThumbstickOutter.uasset" 235
"../../../Engine/Content/Tutorial/ContentIntroCurve.uasset" 236
"../../../Engine/Content/Tutorial/Basics/LevelEditorAttract.uasset" 237
"../../../Engine/Content/Tutorial/Foliage/TutorialAssets/Foliage.uasset" 238
"../../../Engine/Content/Tutorial/Foliage/Foliage_Intro_Tutorial.uasset" 239
"../../../Engine/Content/Tutorial/Foliage/Foliage_Settings_Tutorial.uasset" 240
"../../../Engine/Content/Tutorial/Foliage/Foliage_Using_The_Tool_Tutorial.uasset" 241
"../../../Engine/Content/VREditor/LaserPointer/VR_LaserPower_01.uasset" 242
"../../../Engine/Content/VREditor/TransformGizmo/TransformGizmoMaterial.uasset" 243
"../../../Engine/Content/VREditor/TransformGizmo/TranslucentTransformGizmoMaterial.uasset" 244
"../../../Engine/Content/VREditor/TransformGizmo/BoundingBoxCorner.uasset" 245
"../../../Engine/Content/VREditor/TransformGizmo/BoundingBoxEdge.uasset" 246
"../../../Engine/Content/VREditor/TransformGizmo/PlaneTranslationHandle.uasset" 247
"../../../Engine/Content/VREditor/TransformGizmo/Main.uasset" 248
"../../../Engine/Content/VREditor/TransformGizmo/Xray.uasset" 249
"../../../Engine/Content/VREditor/TransformGizmo/SM_Sequencer_Key.uasset" 250
"../../../Engine/Content/VREditor/TransformGizmo/SM_Sequencer_Node.uasset" 251
"../../Plugins/2D/Paper2D/Content/PlaceholderTextures/DummySpriteTexture.uasset" 252
"../../Plugins/2D/Paper2D/Content/DummySprite.uasset" 253
"../../Plugins/2D/Paper2D/Content/DefaultPaperTerrainMaterial.uasset" 254
"../../Plugins/2D/Paper2D/Content/DefaultSpriteMaterial.uasset" 255
"../../Plugins/2D/Paper2D/Content/MaskedUnlitSpriteMaterial.uasset" 256
"../../Plugins/2D/Paper2D/Content/OpaqueUnlitSpriteMaterial.uasset" 257
"../../Plugins/FX/Niagara/Content/Enums/ENiagaraBooleanLogicOps.uasset" 258
"../../Plugins/FX/Niagara/Content/Enums/ENiagaraCoordinateSpace.uasset" 259
"../../Plugins/FX/Niagara/Content/Enums/ENiagaraExpansionMode.uasset" 260
"../../Plugins/FX/Niagara/Content/Enums/ENiagaraOrientationAxis.uasset" 261
"../../Plugins/FX/Niagara/Content/Enums/ENiagaraRandomnessMode.uasset" 262
"../../../Engine/Content/Functions/Engine_MaterialFunctions02/Utility/BreakOutFloat4Components.uasset" 263
"../../../Engine/Content/Functions/Engine_MaterialFunctions02/Utility/MakeFloat2.uasset" 264
"../../../Engine/Content/Functions/Engine_MaterialFunctions02/Utility/MakeFloat3.uasset" 265
"../../Plugins/Runtime/Oculus/OculusVR/Content/Materials/OculusMR_ChromaKey.uasset" 266
"../../Plugins/Runtime/Oculus/OculusVR/Content/Materials/OculusMR_ChromaKey_Lit.uasset" 267
"../../Plugins/Runtime/Oculus/OculusVR/Content/Materials/OculusMR_OpaqueColoredMaterial.uasset" 268
"../../Plugins/Runtime/Oculus/OculusVR/Content/Materials/OculusMR_WhiteMaterial.uasset" 269
"C:/Users/chang/OneDrive/Classwork/GitHub/FloorRun01/Content/Geometry/Meshes/1M_Cube.uasset" 270
"C:/Users/chang/OneDrive/Classwork/GitHub/FloorRun01/Content/VirtualRealityBP/Blueprints/BP_PickupCube.uasset" 271
"C:/Users/chang/OneDrive/Classwork/GitHub/FloorRun01/Content/VirtualRealityBP/Blueprints/TriggerBox_Blueprint.uasset" 272
"C:/Users/chang/OneDrive/Classwork/GitHub/FloorRun01/Content/VirtualRealityBP/Blueprints/BP_Chair_Holo.uasset" 273
"C:/Users/chang/OneDrive/Classwork/GitHub/FloorRun01/Content/VirtualRealityBP/Blueprints/BP_Chair_Base.uasset" 274
"C:/Users/chang/OneDrive/Classwork/GitHub/FloorRun01/Content/Props/Lamp/Material_004.uasset" 275
"C:/Users/chang/OneDrive/Classwork/GitHub/FloorRun01/Content/StarterContent/Materials/M_Basic_Floor.uasset" 276
"../../../Engine/Content/BasicShapes/Plane.uasset" 277
"C:/Users/chang/OneDrive/Classwork/GitHub/FloorRun01/Content/VirtualRealityBP/Blueprints/BP_dirtymaterialchange.uasset" 278
"C:/Users/chang/OneDrive/Classwork/GitHub/FloorRun01/Content/VirtualRealityBP/Blueprints/MotionControllerPawn.uasset" 279
"C:/Users/chang/OneDrive/Classwork/GitHub/FloorRun01/Content/Maps/1Bed_BuiltData.uasset" 280
"C:/Users/chang/OneDrive/Classwork/GitHub/FloorRun01/Content/MigratedScene/StarterContent/Materials/M_GREY_FLOOR.uasset" 281
"C:/Users/chang/OneDrive/Classwork/GitHub/FloorRun01/Content/Props/322meshPACK_Bazic/2_ASSETS/SHARED_MATERIAL/Texture/T_bluemap_NM.uasset" 282
"C:/Users/chang/OneDrive/Classwork/GitHub/FloorRun01/Content/Props/322meshPACK_Bazic/2_ASSETS/SHARED_MATERIAL/Texture/T_whitemap_BC.uasset" 283
"C:/Users/chang/OneDrive/Classwork/GitHub/FloorRun01/Content/Props/322meshPACK_Bazic/2_ASSETS/SHARED_MATERIAL/Material/M_mainmat.uasset" 284
"C:/Users/chang/OneDrive/Classwork/GitHub/FloorRun01/Content/Props/mate_plastic.uasset" 285
"C:/Users/chang/OneDrive/Classwork/GitHub/FloorRun01/Content/StarterContent/Materials/M_AssetPlatform.uasset" 286
"C:/Users/chang/OneDrive/Classwork/GitHub/FloorRun01/Content/StarterContent/Materials/M_Basic_Wall.uasset" 287
"C:/Users/chang/OneDrive/Classwork/GitHub/FloorRun01/Content/Props/322meshPACK_Bazic/0_BASE/DefaultTextures/T_blue_map_BC.uasset" 288
"C:/Users/chang/OneDrive/Classwork/GitHub/FloorRun01/Content/Props/322meshPACK_Bazic/0_BASE/DefaultTextures/T_mid_grey_map_BC.uasset" 289
"C:/Users/chang/OneDrive/Classwork/GitHub/FloorRun01/Content/Props/322meshPACK_Bazic/0_BASE/DefaultTextures/T_white_map_BC.uasset" 290
"C:/Users/chang/OneDrive/Classwork/GitHub/FloorRun01/Content/Props/322meshPACK_Bazic/0_BASE/MASTER_MAT_02/M_simplematerial.uasset" 291
"C:/Users/chang/OneDrive/Classwork/GitHub/FloorRun01/Content/Props/322meshPACK_Bazic/2_ASSETS/RUG/Rug_sheepskin/T_rug_D.uasset" 292
"C:/Users/chang/OneDrive/Classwork/GitHub/FloorRun01/Content/Props/322meshPACK_Bazic/2_ASSETS/RUG/Rug_sheepskin/MI_bedroom_03_rug.uasset" 293
"../../../Engine/Content/BasicShapes/Cube.uasset" 294
"C:/Users/chang/OneDrive/Classwork/GitHub/FloorRun01/Content/Geometry/Meshes/1M_Cube_Chamfer.uasset" 295
"C:/Users/chang/OneDrive/Classwork/GitHub/FloorRun01/Content/Props/322meshPACK_Bazic/0_BASE/DefaultTextures/T_black_map_BC.uasset" 296
"C:/Users/chang/OneDrive/Classwork/GitHub/FloorRun01/Content/Props/322meshPACK_Bazic/0_BASE/MASTER_MAT_02/M_simple_material_withtex.uasset" 297
"C:/Users/chang/OneDrive/Classwork/GitHub/FloorRun01/Content/Props/322meshPACK_Bazic/2_ASSETS/BED/Laguna_bed/T_bed_03_blanket_N.uasset" 298
"C:/Users/chang/OneDrive/Classwork/GitHub/FloorRun01/Content/Props/322meshPACK_Bazic/2_ASSETS/BED/Laguna_bed/T_bed_03_mattress_BC.uasset" 299
"C:/Users/chang/OneDrive/Classwork/GitHub/FloorRun01/Content/Props/322meshPACK_Bazic/2_ASSETS/BED/Laguna_bed/MI_bed_03_blanket1.uasset" 300
"C:/Users/chang/OneDrive/Classwork/GitHub/FloorRun01/Content/Props/322meshPACK_Bazic/2_ASSETS/BED/Laguna_bed/T_bed_03_mattress_N.uasset" 301
"C:/Users/chang/OneDrive/Classwork/GitHub/FloorRun01/Content/Props/322meshPACK_Bazic/2_ASSETS/BED/Laguna_bed/MI_bed_03_mattress1.uasset" 302
"C:/Users/chang/OneDrive/Classwork/GitHub/FloorRun01/Content/Props/322meshPACK_Bazic/2_ASSETS/BED/Laguna_bed/T_bed_03_pillow_N.uasset" 303
"C:/Users/chang/OneDrive/Classwork/GitHub/FloorRun01/Content/Props/322meshPACK_Bazic/2_ASSETS/BED/Laguna_bed/MI_bed_03_pillow1.uasset" 304
"C:/Users/chang/OneDrive/Classwork/GitHub/FloorRun01/Content/Props/322meshPACK_Bazic/0_BASE/MASTER_MAT_02/M_Simple_02.uasset" 305
"C:/Users/chang/OneDrive/Classwork/GitHub/FloorRun01/Content/Props/322meshPACK_Bazic/2_ASSETS/BED/Laguna_bed/T_sofa_D.uasset" 306
"C:/Users/chang/OneDrive/Classwork/GitHub/FloorRun01/Content/Props/322meshPACK_Bazic/2_ASSETS/BED/Laguna_bed/T_sofa_N.uasset" 307
"C:/Users/chang/OneDrive/Classwork/GitHub/FloorRun01/Content/Props/322meshPACK_Bazic/2_ASSETS/BED/Laguna_bed/MI_laguna_leather.uasset" 308
"C:/Users/chang/OneDrive/Classwork/GitHub/FloorRun01/Content/Props/322meshPACK_Bazic/0_BASE/DefaultTextures_02/T_black_map_BC.uasset" 309
"C:/Users/chang/OneDrive/Classwork/GitHub/FloorRun01/Content/Props/322meshPACK_Bazic/0_BASE/DefaultTextures_02/T_blue_map_BC.uasset" 310
"C:/Users/chang/OneDrive/Classwork/GitHub/FloorRun01/Content/Props/322meshPACK_Bazic/0_BASE/DefaultTextures_02/T_mid_grey_map_BC.uasset" 311
"C:/Users/chang/OneDrive/Classwork/GitHub/FloorRun01/Content/Props/322meshPACK_Bazic/0_BASE/DefaultTextures_02/T_white_map_BC.uasset" 312
"C:/Users/chang/OneDrive/Classwork/GitHub/FloorRun01/Content/Props/322meshPACK_Bazic/0_BASE/MASTER_MAT/M_simple_material_withtex_one_side.uasset" 313
"C:/Users/chang/OneDrive/Classwork/GitHub/FloorRun01/Content/Props/322meshPACK_Bazic/2_ASSETS/BED/Laguna_bed/T_bau_desk_wood_BC.uasset" 314
"C:/Users/chang/OneDrive/Classwork/GitHub/FloorRun01/Content/Props/322meshPACK_Bazic/2_ASSETS/BED/Laguna_bed/T_bau_desk_wood_S.uasset" 315
"C:/Users/chang/OneDrive/Classwork/GitHub/FloorRun01/Content/Props/322meshPACK_Bazic/2_ASSETS/BED/Laguna_bed/MI_laguna_wood.uasset" 316
"C:/Users/chang/OneDrive/Classwork/GitHub/FloorRun01/Content/Props/322meshPACK_Bazic/2_ASSETS/BED/Laguna_bed/SM_Laguna_bed.uasset" 317
"C:/Users/chang/OneDrive/Classwork/GitHub/FloorRun01/Content/Props/322meshPACK_Bazic/2_ASSETS/SHARED_MATERIAL/Material/M_Basic_Wall.uasset" 318
"C:/Users/chang/OneDrive/Classwork/GitHub/FloorRun01/Content/Props/322meshPACK_Bazic/2_ASSETS/CEILING_LIGHT/Powder_lightfixture/T_powder_lightfixture_light_E.uasset" 319
"C:/Users/chang/OneDrive/Classwork/GitHub/FloorRun01/Content/Props/322meshPACK_Bazic/2_ASSETS/LAMP/Lightfixture/T_lightfixture_BC.uasset" 320
"C:/Users/chang/OneDrive/Classwork/GitHub/FloorRun01/Content/Props/322meshPACK_Bazic/2_ASSETS/LAMP/Lightfixture/MI_lightfixture_emissive.uasset" 321
"C:/Users/chang/OneDrive/Classwork/GitHub/FloorRun01/Content/Props/322meshPACK_Bazic/2_ASSETS/CEILING_LIGHT/Circa_flush_ceiling_light/SM_closet_circa_flush_ceiling_light.uasset" 322
"C:/Users/chang/OneDrive/Classwork/GitHub/FloorRun01/Content/Props/322meshPACK_Bazic/2_ASSETS/CEILING_LIGHT/Elea_55_light/MI_elea_55_light_cover.uasset" 323
"C:/Users/chang/OneDrive/Classwork/GitHub/FloorRun01/Content/Props/322meshPACK_Bazic/2_ASSETS/CEILING_LIGHT/Elea_55_light/MI_lightfixture_emissive1.uasset" 324
"C:/Users/chang/OneDrive/Classwork/GitHub/FloorRun01/Content/Props/322meshPACK_Bazic/2_ASSETS/CEILING_LIGHT/Elea_55_light/SM_bedroom_01_elea_55_light.uasset" 325
"C:/Users/chang/OneDrive/Classwork/GitHub/FloorRun01/Content/Props/322meshPACK_Bazic/0_BASE/MASTER_MAT/M_Simple.uasset" 326
"C:/Users/chang/OneDrive/Classwork/GitHub/FloorRun01/Content/Props/322meshPACK_Bazic/2_ASSETS/CEILING_LIGHT/kitchen_light/MI_light.uasset" 327
"C:/Users/chang/OneDrive/Classwork/GitHub/FloorRun01/Content/Props/322meshPACK_Bazic/0_BASE/MASTER_MAT/MF_Normal_Blend.uasset" 328
"C:/Users/chang/OneDrive/Classwork/GitHub/FloorRun01/Content/Props/322meshPACK_Bazic/0_BASE/MASTER_MAT/M_Advance.uasset" 329
"C:/Users/chang/OneDrive/Classwork/GitHub/FloorRun01/Content/Props/322meshPACK_Bazic/2_ASSETS/LAMP/Lamp/MI_lamp_light_emi_mat.uasset" 330
"C:/Users/chang/OneDrive/Classwork/GitHub/FloorRun01/Content/Props/322meshPACK_Bazic/2_ASSETS/CEILING_LIGHT/kitchen_light/SM_kitchen_light_edit.uasset" 331
"C:/Users/chang/OneDrive/Classwork/GitHub/FloorRun01/Content/Props/322meshPACK_Bazic/2_ASSETS/CHAIR/ar_chair_436/T_fabric_D.uasset" 332
"C:/Users/chang/OneDrive/Classwork/GitHub/FloorRun01/Content/Props/322meshPACK_Bazic/2_ASSETS/CHAIR/ar_chair_436/T_fabric_N.uasset" 333
"C:/Users/chang/OneDrive/Classwork/GitHub/FloorRun01/Content/Props/322meshPACK_Bazic/2_ASSETS/CHAIR/ar_chair_436/T_fabric_S.uasset" 334
"C:/Users/chang/OneDrive/Classwork/GitHub/FloorRun01/Content/Props/322meshPACK_Bazic/2_ASSETS/CHAIR/ar_chair_436/MI_fabric_01.uasset" 335
"C:/Users/chang/OneDrive/Classwork/GitHub/FloorRun01/Content/Props/322meshPACK_Bazic/2_ASSETS/CHAIR/ar_chair_436/MI_metal_13.uasset" 336
"C:/Users/chang/OneDrive/Classwork/GitHub/FloorRun01/Content/Props/322meshPACK_Bazic/2_ASSETS/CHAIR/ar_chair_436/SM_ar_chair_436.uasset" 337
"C:/Users/chang/OneDrive/Classwork/GitHub/FloorRun01/Content/Props/322meshPACK_Bazic/2_ASSETS/LAMP/Ledge_wall_scone/T_bathroom4_ledge_wall_scone_E.uasset" 338
"C:/Users/chang/OneDrive/Classwork/GitHub/FloorRun01/Content/Props/322meshPACK_Bazic/2_ASSETS/LAMP/Ledge_wall_scone/MI_ledge_wall_scone.uasset" 339
"C:/Users/chang/OneDrive/Classwork/GitHub/FloorRun01/Content/Props/322meshPACK_Bazic/2_ASSETS/LAMP/Ledge_wall_scone/SM_bathroom4_ledge_wall_scone.uasset" 340
"C:/Users/chang/OneDrive/Classwork/GitHub/FloorRun01/Content/Props/322meshPACK_Bazic/0_BASE/MASTER_MAT/M_simplematerial.uasset" 341
"C:/Users/chang/OneDrive/Classwork/GitHub/FloorRun01/Content/Props/322meshPACK_Bazic/2_ASSETS/PLANT/Pot_01/T_pot_01_BC.uasset" 342
"C:/Users/chang/OneDrive/Classwork/GitHub/FloorRun01/Content/Props/322meshPACK_Bazic/2_ASSETS/PLANT/Pot_01/T_pot_01_N.uasset" 343
"C:/Users/chang/OneDrive/Classwork/GitHub/FloorRun01/Content/Props/322meshPACK_Bazic/2_ASSETS/PLANT/Pot_01/T_pot_01_S.uasset" 344
"C:/Users/chang/OneDrive/Classwork/GitHub/FloorRun01/Content/Props/322meshPACK_Bazic/2_ASSETS/PLANT/Pot_01/MI_pot_01.uasset" 345
"C:/Users/chang/OneDrive/Classwork/GitHub/FloorRun01/Content/Props/322meshPACK_Bazic/2_ASSETS/PLANT/Pot_01/SM_pot_01.uasset" 346
"C:/Users/chang/OneDrive/Classwork/GitHub/FloorRun01/Content/Props/322meshPACK_Bazic/2_ASSETS/TABLE/Cocktail_table_02/T_granite_01_BC.uasset" 347
"C:/Users/chang/OneDrive/Classwork/GitHub/FloorRun01/Content/Props/322meshPACK_Bazic/2_ASSETS/TABLE/Cocktail_table_02/T_granite_01_S.uasset" 348
"C:/Users/chang/OneDrive/Classwork/GitHub/FloorRun01/Content/Props/322meshPACK_Bazic/2_ASSETS/TABLE/Cocktail_table_02/MI_recroom_cocktail_table_stone.uasset" 349
"C:/Users/chang/OneDrive/Classwork/GitHub/FloorRun01/Content/Props/322meshPACK_Bazic/2_ASSETS/TABLE/Cocktail_table_02/SM_recroom_cocktail_table.uasset" 350
"C:/Users/chang/OneDrive/Classwork/GitHub/FloorRun01/Content/Props/AirConditioningPack/Meshes/SM_Vent_Wall_Big.uasset" 351
"C:/Users/chang/OneDrive/Classwork/GitHub/FloorRun01/Content/Props/AirConditioningPack/Meshes/SM_Vent_Wall_Small.uasset" 352
"C:/Users/chang/OneDrive/Classwork/GitHub/FloorRun01/Content/Props/Lamp/untitled_Cylinder_001.uasset" 353
"C:/Users/chang/OneDrive/Classwork/GitHub/FloorRun01/Content/StarterContent/Architecture/Floor_400x400.uasset" 354
"C:/Users/chang/OneDrive/Classwork/GitHub/FloorRun01/Content/StarterContent/Architecture/Pillar_50x500.uasset" 355
"C:/Users/chang/OneDrive/Classwork/GitHub/FloorRun01/Content/StarterContent/Textures/T_Dust_Particle_D.uasset" 356
"C:/Users/chang/OneDrive/Classwork/GitHub/FloorRun01/Content/StarterContent/Particles/Materials/M_Dust_Particle.uasset" 357
"C:/Users/chang/OneDrive/Classwork/GitHub/FloorRun01/Content/StarterContent/Particles/P_Ambient_Dust.uasset" 358
"C:/Users/chang/OneDrive/Classwork/GitHub/FloorRun01/Content/Maps/1Bed.umap" 359
"../../../Engine/Content/BasicShapes/BasicShapeMaterial.uasset" 360
"C:/Users/chang/OneDrive/Classwork/GitHub/FloorRun01/Content/VirtualRealityBP/Blueprints/spongebase.uasset" 361
"C:/Users/chang/OneDrive/Classwork/GitHub/FloorRun01/Content/VirtualReality/Materials/MI_BaseMaterial2.uasset" 362
"C:/Users/chang/OneDrive/Classwork/GitHub/FloorRun01/Content/Maps/TestInteractions.umap" 363
"C:/Users/chang/OneDrive/Classwork/GitHub/FloorRun01/Content/VirtualRealityBP/Blueprints/HMDLocomotionPawn.uasset" 364
"../../../Engine/Content/EngineSky/C_Sky_Cloud_Color.uasset" 365
"../../../Engine/Content/EngineSky/C_Sky_Horizon_Color.uasset" 366
"../../../Engine/Content/EngineSky/C_Sky_Zenith_Color.uasset" 367
"../../../Engine/Content/EngineSky/T_Sky_Blue.uasset" 368
"../../../Engine/Content/EngineSky/T_Sky_Clouds_M.uasset" 369
"../../../Engine/Content/EngineSky/T_Sky_Stars.uasset" 370
"../../../Engine/Content/EngineSky/M_Sky_Panning_Clouds2.uasset" 371
"../../../Engine/Content/EngineSky/SM_SkySphere.uasset" 372
"../../../Engine/Content/EngineSky/BP_Sky_Sphere.uasset" 373
"C:/Users/chang/OneDrive/Classwork/GitHub/FloorRun01/Content/VirtualRealityBP/Maps/HMDLocomotionMap_BuiltData.uasset" 374
"C:/Users/chang/OneDrive/Classwork/GitHub/FloorRun01/Content/VirtualReality/Materials/MI_BaseMaterial3.uasset" 375
"C:/Users/chang/OneDrive/Classwork/GitHub/FloorRun01/Content/VirtualRealityBP/Maps/HMDLocomotionMap.umap" 376
"C:/Users/chang/OneDrive/Classwork/GitHub/FloorRun01/Content/VirtualRealityBP/Maps/MotionControllerMap_BuiltData.uasset" 377
"C:/Users/chang/OneDrive/Classwork/GitHub/FloorRun01/Content/VirtualRealityBP/Maps/MotionControllerMap.umap" 378
"C:/Users/chang/OneDrive/Classwork/GitHub/FloorRun01/Content/VirtualRealityBP/Maps/StartupMap_BuiltData.uasset" 379
"C:/Users/chang/OneDrive/Classwork/GitHub/FloorRun01/Content/VirtualReality/Materials/GenericHMDMaterial.uasset" 380
"../../../Engine/Content/MapTemplates/Sky/DaylightAmbientCubemap.uasset" 381
"C:/Users/chang/OneDrive/Classwork/GitHub/FloorRun01/Content/VirtualReality/Meshes/GenericHMD.uasset" 382
"C:/Users/chang/OneDrive/Classwork/GitHub/FloorRun01/Content/VirtualRealityBP/Maps/StartupMap.umap" 383
"../../../Engine/Content/Maps/Entry_BuiltData.uasset" 384
"../../../Engine/Content/Maps/Entry.umap" 385
